This file contains any messages produced by compilers while
running configure, to aid debugging if configure makes a mistake.

It was created by ipv6_care configure 3.2c, which was
generated by GNU Autoconf 2.68.  Invocation command line was

  $ ./configure 

## --------- ##
## Platform. ##
## --------- ##

hostname = ph4.maleus
uname -m = x86_64
uname -r = 2.6.42.9-2.fc15.x86_64
uname -s = Linux
uname -v = #1 SMP Mon Mar 5 20:55:32 UTC 2012

/usr/bin/uname -p = unknown
/bin/uname -X     = unknown

/bin/arch              = x86_64
/usr/bin/arch -k       = unknown
/usr/convex/getsysinfo = unknown
/usr/bin/hostinfo      = unknown
/bin/machine           = unknown
/usr/bin/oslevel       = unknown
/bin/universe          = unknown

PATH: /opt/msp430/bin
PATH: /opt/jflashmm
PATH: /home/ph4r05
PATH: /usr/sbin
PATH: /sbin
PATH: /usr/etc
PATH: /opt/mozilla/bin
PATH: /usr/bin
PATH: /opt/msp430/bin
PATH: /opt/jflashmm
PATH: /home/ph4r05
PATH: /usr/sbin
PATH: /sbin
PATH: /usr/etc
PATH: /opt/mozilla/bin
PATH: /usr/bin
PATH: /opt/msp430/bin
PATH: /opt/jflashmm
PATH: /home/ph4r05
PATH: /usr/sbin
PATH: /sbin
PATH: /usr/etc
PATH: /opt/mozilla/bin
PATH: /usr/bin
PATH: /usr/lib64/qt-3.3/bin
PATH: /usr/lib64/ccache
PATH: /usr/local/bin
PATH: /usr/bin
PATH: /bin
PATH: /usr/local/sbin
PATH: /usr/sbin
PATH: /sbin
PATH: /opt/msp430/bin
PATH: /home/ph4r05/android-sdk-linux//tools
PATH: /home/ph4r05/android-sdk-linux//platform-tools
PATH: /home/ph4r05/android-ndk-r7b/
PATH: .
PATH: .
PATH: /home/ph4r05/bin
PATH: /home/ph4r05/android-sdk-linux//tools
PATH: /home/ph4r05/android-sdk-linux//platform-tools
PATH: /home/ph4r05/android-ndk-r7b/
PATH: .
PATH: .
PATH: /home/ph4r05/android-sdk-linux//tools
PATH: /home/ph4r05/android-sdk-linux//platform-tools
PATH: /home/ph4r05/android-ndk-r7b/
PATH: .


## ----------- ##
## Core tests. ##
## ----------- ##

configure:2250: checking for a BSD-compatible install
configure:2318: result: /usr/bin/install -c
configure:2329: checking whether build environment is sane
configure:2379: result: yes
configure:2520: checking for a thread-safe mkdir -p
configure:2559: result: /bin/mkdir -p
configure:2572: checking for gawk
configure:2588: found /usr/bin/gawk
configure:2599: result: gawk
configure:2610: checking whether make sets $(MAKE)
configure:2632: result: yes
configure:2774: checking for gcc
configure:2790: found /usr/bin/gcc
configure:2801: result: gcc
configure:3030: checking for C compiler version
configure:3039: gcc --version >&5
gcc (GCC) 4.6.3 20120306 (Red Hat 4.6.3-2)
Copyright (C) 2011 Free Software Foundation, Inc.
This is free software; see the source for copying conditions.  There is NO
warranty; not even for MERCHANTABILITY or FITNESS FOR A PARTICULAR PURPOSE.

configure:3050: $? = 0
configure:3039: gcc -v >&5
Using built-in specs.
COLLECT_GCC=gcc
COLLECT_LTO_WRAPPER=/usr/libexec/gcc/x86_64-redhat-linux/4.6.3/lto-wrapper
Target: x86_64-redhat-linux
Configured with: ../configure --prefix=/usr --mandir=/usr/share/man --infodir=/usr/share/info --with-bugurl=http://bugzilla.redhat.com/bugzilla --enable-bootstrap --enable-shared --enable-threads=posix --enable-checking=release --with-system-zlib --enable-__cxa_atexit --disable-libunwind-exceptions --enable-gnu-unique-object --enable-linker-build-id --enable-languages=c,c++,objc,obj-c++,java,fortran,ada,go,lto --enable-plugin --enable-java-awt=gtk --disable-dssi --with-java-home=/usr/lib/jvm/java-1.5.0-gcj-1.5.0.0/jre --enable-libgcj-multifile --enable-java-maintainer-mode --with-ecj-jar=/usr/share/java/eclipse-ecj.jar --disable-libjava-multilib --with-ppl --with-cloog --with-tune=generic --with-arch_32=i686 --build=x86_64-redhat-linux
Thread model: posix
gcc version 4.6.3 20120306 (Red Hat 4.6.3-2) (GCC) 
configure:3050: $? = 0
configure:3039: gcc -V >&5
gcc: error: unrecognized option '-V'
gcc: fatal error: no input files
compilation terminated.
configure:3050: $? = 4
configure:3039: gcc -qversion >&5
gcc: error: unrecognized option '-qversion'
gcc: fatal error: no input files
compilation terminated.
configure:3050: $? = 4
configure:3070: checking whether the C compiler works
configure:3092: gcc    conftest.c  >&5
configure:3096: $? = 0
configure:3144: result: yes
configure:3147: checking for C compiler default output file name
configure:3149: result: a.out
configure:3155: checking for suffix of executables
configure:3162: gcc -o conftest    conftest.c  >&5
configure:3166: $? = 0
configure:3188: result: 
configure:3210: checking whether we are cross compiling
configure:3218: gcc -o conftest    conftest.c  >&5
configure:3222: $? = 0
configure:3229: ./conftest
configure:3233: $? = 0
configure:3248: result: no
configure:3253: checking for suffix of object files
configure:3275: gcc -c   conftest.c >&5
configure:3279: $? = 0
configure:3300: result: o
configure:3304: checking whether we are using the GNU C compiler
configure:3323: gcc -c   conftest.c >&5
configure:3323: $? = 0
configure:3332: result: yes
configure:3341: checking whether gcc accepts -g
configure:3361: gcc -c -g  conftest.c >&5
configure:3361: $? = 0
configure:3402: result: yes
configure:3419: checking for gcc option to accept ISO C89
configure:3483: gcc  -c -g -O2  conftest.c >&5
configure:3483: $? = 0
configure:3496: result: none needed
configure:3527: checking for style of include used by make
configure:3555: result: GNU
configure:3580: checking dependency style of gcc
configure:3690: result: gcc3
configure:3705: checking for a sed that does not truncate output
configure:3769: result: /bin/sed
configure:3774: checking whether make sets $(MAKE)
configure:3796: result: yes
configure:3809: checking for addr2line
configure:3825: found /usr/bin/addr2line
configure:3836: result: addr2line
configure:3912: checking build system type
configure:3926: result: x86_64-unknown-linux-gnu
configure:3946: checking host system type
configure:3959: result: x86_64-unknown-linux-gnu
configure:4000: checking how to print strings
configure:4027: result: printf
configure:4048: checking for a sed that does not truncate output
configure:4112: result: /bin/sed
configure:4130: checking for grep that handles long lines and -e
configure:4188: result: /bin/grep
configure:4193: checking for egrep
configure:4255: result: /bin/grep -E
configure:4260: checking for fgrep
configure:4322: result: /bin/grep -F
configure:4357: checking for ld used by gcc
configure:4424: result: /usr/bin/ld
configure:4431: checking if the linker (/usr/bin/ld) is GNU ld
configure:4446: result: yes
configure:4458: checking for BSD- or MS-compatible name lister (nm)
configure:4507: result: /usr/bin/nm -B
configure:4637: checking the name lister (/usr/bin/nm -B) interface
configure:4644: gcc -c -g -O2  conftest.c >&5
configure:4647: /usr/bin/nm -B "conftest.o"
configure:4650: output
0000000000000000 B some_variable
configure:4657: result: BSD nm
configure:4660: checking whether ln -s works
configure:4664: result: yes
configure:4672: checking the maximum length of command line arguments
configure:4797: result: 1572864
configure:4814: checking whether the shell understands some XSI constructs
configure:4824: result: yes
configure:4828: checking whether the shell understands "+="
configure:4834: result: yes
configure:4869: checking how to convert x86_64-unknown-linux-gnu file names to x86_64-unknown-linux-gnu format
configure:4909: result: func_convert_file_noop
configure:4916: checking how to convert x86_64-unknown-linux-gnu file names to toolchain format
configure:4936: result: func_convert_file_noop
configure:4943: checking for /usr/bin/ld option to reload object files
configure:4950: result: -r
configure:5024: checking for objdump
configure:5040: found /usr/bin/objdump
configure:5051: result: objdump
configure:5083: checking how to recognize dependent libraries
configure:5285: result: pass_all
configure:5370: checking for dlltool
configure:5400: result: no
configure:5430: checking how to associate runtime and link libraries
configure:5457: result: printf %s\n
configure:5518: checking for ar
configure:5534: found /usr/bin/ar
configure:5545: result: ar
configure:5582: checking for archiver @FILE support
configure:5599: gcc -c -g -O2  conftest.c >&5
configure:5599: $? = 0
configure:5602: ar cru libconftest.a @conftest.lst >&5
configure:5605: $? = 0
configure:5610: ar cru libconftest.a @conftest.lst >&5
ar: conftest.o: No such file or directory
configure:5613: $? = 1
configure:5625: result: @
configure:5683: checking for strip
configure:5699: found /usr/bin/strip
configure:5710: result: strip
configure:5782: checking for ranlib
configure:5798: found /usr/bin/ranlib
configure:5809: result: ranlib
configure:5911: checking command to parse /usr/bin/nm -B output from gcc object
configure:6030: gcc -c -g -O2  conftest.c >&5
configure:6033: $? = 0
configure:6037: /usr/bin/nm -B conftest.o \| sed -n -e 's/^.*[ ]\([ABCDGIRSTW][ABCDGIRSTW]*\)[ ][ ]*\([_A-Za-z][_A-Za-z0-9]*\)$/\1 \2 \2/p' | sed '/ __gnu_lto/d' \> conftest.nm
configure:6040: $? = 0
configure:6106: gcc -o conftest -g -O2   conftest.c conftstm.o >&5
configure:6109: $? = 0
configure:6147: result: ok
configure:6184: checking for sysroot
configure:6214: result: no
configure:6291: gcc -c -g -O2  conftest.c >&5
configure:6294: $? = 0
configure:6457: checking for mt
configure:6487: result: no
configure:6507: checking if : is a manifest tool
configure:6513: : '-?'
configure:6521: result: no
configure:7153: checking how to run the C preprocessor
configure:7184: gcc -E  conftest.c
configure:7184: $? = 0
configure:7198: gcc -E  conftest.c
conftest.c:11:28: fatal error: ac_nonexistent.h: No such file or directory
compilation terminated.
configure:7198: $? = 1
configure: failed program was:
| /* confdefs.h */
| #define PACKAGE_NAME "ipv6_care"
| #define PACKAGE_TARNAME "ipv6_care"
| #define PACKAGE_VERSION "3.2c"
| #define PACKAGE_STRING "ipv6_care 3.2c"
| #define PACKAGE_BUGREPORT "etienne.duble@imag.fr"
| #define PACKAGE_URL ""
| #define PACKAGE "ipv6_care"
| #define VERSION "3.2c"
| /* end confdefs.h.  */
| #include <ac_nonexistent.h>
configure:7223: result: gcc -E
configure:7243: gcc -E  conftest.c
configure:7243: $? = 0
configure:7257: gcc -E  conftest.c
conftest.c:11:28: fatal error: ac_nonexistent.h: No such file or directory
compilation terminated.
configure:7257: $? = 1
configure: failed program was:
| /* confdefs.h */
| #define PACKAGE_NAME "ipv6_care"
| #define PACKAGE_TARNAME "ipv6_care"
| #define PACKAGE_VERSION "3.2c"
| #define PACKAGE_STRING "ipv6_care 3.2c"
| #define PACKAGE_BUGREPORT "etienne.duble@imag.fr"
| #define PACKAGE_URL ""
| #define PACKAGE "ipv6_care"
| #define VERSION "3.2c"
| /* end confdefs.h.  */
| #include <ac_nonexistent.h>
configure:7286: checking for ANSI C header files
configure:7306: gcc -c -g -O2  conftest.c >&5
configure:7306: $? = 0
configure:7379: gcc -o conftest -g -O2   conftest.c  >&5
configure:7379: $? = 0
configure:7379: ./conftest
configure:7379: $? = 0
configure:7390: result: yes
configure:7403: checking for sys/types.h
configure:7403: gcc -c -g -O2  conftest.c >&5
configure:7403: $? = 0
configure:7403: result: yes
configure:7403: checking for sys/stat.h
configure:7403: gcc -c -g -O2  conftest.c >&5
configure:7403: $? = 0
configure:7403: result: yes
configure:7403: checking for stdlib.h
configure:7403: gcc -c -g -O2  conftest.c >&5
configure:7403: $? = 0
configure:7403: result: yes
configure:7403: checking for string.h
configure:7403: gcc -c -g -O2  conftest.c >&5
configure:7403: $? = 0
configure:7403: result: yes
configure:7403: checking for memory.h
configure:7403: gcc -c -g -O2  conftest.c >&5
configure:7403: $? = 0
configure:7403: result: yes
configure:7403: checking for strings.h
configure:7403: gcc -c -g -O2  conftest.c >&5
configure:7403: $? = 0
configure:7403: result: yes
configure:7403: checking for inttypes.h
configure:7403: gcc -c -g -O2  conftest.c >&5
configure:7403: $? = 0
configure:7403: result: yes
configure:7403: checking for stdint.h
configure:7403: gcc -c -g -O2  conftest.c >&5
configure:7403: $? = 0
configure:7403: result: yes
configure:7403: checking for unistd.h
configure:7403: gcc -c -g -O2  conftest.c >&5
configure:7403: $? = 0
configure:7403: result: yes
configure:7417: checking for dlfcn.h
configure:7417: gcc -c -g -O2  conftest.c >&5
configure:7417: $? = 0
configure:7417: result: yes
configure:7574: checking for objdir
configure:7589: result: .libs
configure:7860: checking if gcc supports -fno-rtti -fno-exceptions
configure:7878: gcc -c -g -O2  -fno-rtti -fno-exceptions conftest.c >&5
cc1: warning: command line option '-fno-rtti' is valid for C++/ObjC++ but not for C [enabled by default]
configure:7882: $? = 0
configure:7895: result: no
configure:8205: checking for gcc option to produce PIC
configure:8212: result: -fPIC -DPIC
configure:8220: checking if gcc PIC flag -fPIC -DPIC works
configure:8238: gcc -c -g -O2  -fPIC -DPIC -DPIC conftest.c >&5
configure:8242: $? = 0
configure:8255: result: yes
configure:8284: checking if gcc static flag -static works
configure:8312: result: no
configure:8327: checking if gcc supports -c -o file.o
configure:8348: gcc -c -g -O2  -o out/conftest2.o conftest.c >&5
configure:8352: $? = 0
configure:8374: result: yes
configure:8382: checking if gcc supports -c -o file.o
configure:8429: result: yes
configure:8462: checking whether the gcc linker (/usr/bin/ld -m elf_x86_64) supports shared libraries
configure:9620: result: yes
configure:9657: checking whether -lc should be explicitly linked in
configure:9665: gcc -c -g -O2  conftest.c >&5
configure:9668: $? = 0
configure:9683: gcc -shared  -fPIC -DPIC conftest.o  -v -Wl,-soname -Wl,conftest -o conftest 2\>\&1 \| /bin/grep  -lc  \>/dev/null 2\>\&1
configure:9686: $? = 0
configure:9700: result: no
configure:9865: checking dynamic linker characteristics
configure:10379: gcc -o conftest -g -O2   -Wl,-rpath -Wl,/foo conftest.c  >&5
configure:10379: $? = 0
configure:10605: result: GNU/Linux ld.so
configure:10712: checking how to hardcode library paths into programs
configure:10737: result: immediate
configure:11277: checking whether stripping libraries is possible
configure:11282: result: yes
configure:11317: checking if libtool supports shared libraries
configure:11319: result: yes
configure:11322: checking whether to build shared libraries
configure:11343: result: yes
configure:11346: checking whether to build static libraries
configure:11350: result: no
configure:11390: checking for simple visibility declarations
configure:11412: gcc -c -g -O2 -fvisibility=hidden -Werror  conftest.c >&5
configure:11412: $? = 0
configure:11421: result: yes
configure:11442: checking for dlopen in -ldl
configure:11467: gcc -o conftest -g -O2   -L/usr/local/lib/ conftest.c -ldl   >&5
configure:11467: $? = 0
configure:11476: result: yes
configure:11487: checking for backtrace_symbols in -lexecinfo
configure:11512: gcc -o conftest -g -O2   -L/usr/local/lib/ conftest.c -lexecinfo  -ldl  >&5
/usr/bin/ld: cannot find -lexecinfo
collect2: ld returned 1 exit status
configure:11512: $? = 1
configure: failed program was:
| /* confdefs.h */
| #define PACKAGE_NAME "ipv6_care"
| #define PACKAGE_TARNAME "ipv6_care"
| #define PACKAGE_VERSION "3.2c"
| #define PACKAGE_STRING "ipv6_care 3.2c"
| #define PACKAGE_BUGREPORT "etienne.duble@imag.fr"
| #define PACKAGE_URL ""
| #define PACKAGE "ipv6_care"
| #define VERSION "3.2c"
| #define STDC_HEADERS 1
| #define HAVE_SYS_TYPES_H 1
| #define HAVE_SYS_STAT_H 1
| #define HAVE_STDLIB_H 1
| #define HAVE_STRING_H 1
| #define HAVE_MEMORY_H 1
| #define HAVE_STRINGS_H 1
| #define HAVE_INTTYPES_H 1
| #define HAVE_STDINT_H 1
| #define HAVE_UNISTD_H 1
| #define HAVE_DLFCN_H 1
| #define LT_OBJDIR ".libs/"
| #define HAVE_VISIBILITY 1
| #define HAVE_LIBDL 1
| /* end confdefs.h.  */
| 
| /* Override any GCC internal prototype to avoid an error.
|    Use char because int might match the return type of a GCC
|    builtin and then its argument prototype would still apply.  */
| #ifdef __cplusplus
| extern "C"
| #endif
| char backtrace_symbols ();
| int
| main ()
| {
| return backtrace_symbols ();
|   ;
|   return 0;
| }
configure:11521: result: no
configure:11536: checking execinfo.h usability
configure:11536: gcc -c -g -O2  -I/usr/local/include/ conftest.c >&5
configure:11536: $? = 0
configure:11536: result: yes
configure:11536: checking execinfo.h presence
configure:11536: gcc -E  -I/usr/local/include/ conftest.c
configure:11536: $? = 0
configure:11536: result: yes
configure:11536: checking for execinfo.h
configure:11536: result: yes
configure:11558: checking for dlvsym
configure:11558: gcc -o conftest -g -O2  -I/usr/local/include/  -L/usr/local/lib/ conftest.c -ldl  >&5
configure:11558: $? = 0
configure:11558: result: yes
configure:11568: checking whether syscall SYS_gettid exists
configure:11587: gcc -c -g -O2  -I/usr/local/include/ conftest.c >&5
configure:11587: $? = 0
configure:11595: result: yes
configure:11603: checking whether getnameinfo has a linux-like prototype
configure:11629: gcc -c -g -O2  -I/usr/local/include/ conftest.c >&5
conftest.c:32:5: error: conflicting types for 'getnameinfo'
/usr/include/netdb.h:679:12: note: previous declaration of 'getnameinfo' was here
configure:11629: $? = 1
configure: failed program was:
| /* confdefs.h */
| #define PACKAGE_NAME "ipv6_care"
| #define PACKAGE_TARNAME "ipv6_care"
| #define PACKAGE_VERSION "3.2c"
| #define PACKAGE_STRING "ipv6_care 3.2c"
| #define PACKAGE_BUGREPORT "etienne.duble@imag.fr"
| #define PACKAGE_URL ""
| #define PACKAGE "ipv6_care"
| #define VERSION "3.2c"
| #define STDC_HEADERS 1
| #define HAVE_SYS_TYPES_H 1
| #define HAVE_SYS_STAT_H 1
| #define HAVE_STDLIB_H 1
| #define HAVE_STRING_H 1
| #define HAVE_MEMORY_H 1
| #define HAVE_STRINGS_H 1
| #define HAVE_INTTYPES_H 1
| #define HAVE_STDINT_H 1
| #define HAVE_UNISTD_H 1
| #define HAVE_DLFCN_H 1
| #define LT_OBJDIR ".libs/"
| #define HAVE_VISIBILITY 1
| #define HAVE_LIBDL 1
| #define HAVE_EXECINFO_H 1
| #define HAVE_DLVSYM 1
| #define HAVE_SYS_GETTID 1
| /* end confdefs.h.  */
| 
| #include <sys/socket.h>
| #include <netdb.h>
| 
| int getnameinfo(const struct sockaddr *sa, socklen_t salen,
|               char *node, socklen_t nodelen, char *service,
|               socklen_t servicelen, unsigned int flags)
| {
|         return 0;
| }
| 
| int
| main ()
| {
| 
|   ;
|   return 0;
| }
configure:11637: result: no
configure:11645: checking whether getnameinfo has a freebsd-like prototype
configure:11670: gcc -c -g -O2  -I/usr/local/include/ conftest.c >&5
conftest.c:33:5: error: conflicting types for 'getnameinfo'
/usr/include/netdb.h:679:12: note: previous declaration of 'getnameinfo' was here
configure:11670: $? = 1
configure: failed program was:
| /* confdefs.h */
| #define PACKAGE_NAME "ipv6_care"
| #define PACKAGE_TARNAME "ipv6_care"
| #define PACKAGE_VERSION "3.2c"
| #define PACKAGE_STRING "ipv6_care 3.2c"
| #define PACKAGE_BUGREPORT "etienne.duble@imag.fr"
| #define PACKAGE_URL ""
| #define PACKAGE "ipv6_care"
| #define VERSION "3.2c"
| #define STDC_HEADERS 1
| #define HAVE_SYS_TYPES_H 1
| #define HAVE_SYS_STAT_H 1
| #define HAVE_STDLIB_H 1
| #define HAVE_STRING_H 1
| #define HAVE_MEMORY_H 1
| #define HAVE_STRINGS_H 1
| #define HAVE_INTTYPES_H 1
| #define HAVE_STDINT_H 1
| #define HAVE_UNISTD_H 1
| #define HAVE_DLFCN_H 1
| #define LT_OBJDIR ".libs/"
| #define HAVE_VISIBILITY 1
| #define HAVE_LIBDL 1
| #define HAVE_EXECINFO_H 1
| #define HAVE_DLVSYM 1
| #define HAVE_SYS_GETTID 1
| /* end confdefs.h.  */
| 
| #include <sys/types.h>
| #include <sys/socket.h>
| #include <netdb.h>
| 
| int getnameinfo(const struct sockaddr *sa, socklen_t salen, char *node, size_t nodelen, char *service, size_t servicelen, int flags)
| {
| 	return 0;
| }
| 
| int
| main ()
| {
| 
|   ;
|   return 0;
| }
configure:11678: result: no
configure:11688: checking for gethostbyname_r in -lc
configure:11713: gcc -o conftest -g -O2  -I/usr/local/include/  -L/usr/local/lib/ conftest.c -lc  -ldl  >&5
configure:11713: $? = 0
configure:11722: result: yes
configure:11825: checking for gethostbyname_r
configure:11825: gcc -o conftest -g -O2  -I/usr/local/include/  -L/usr/local/lib/ conftest.c -lc -ldl  >&5
configure:11825: $? = 0
configure:11825: result: yes
configure:11828: checking what is the prototype of gethostby<something>_r() functions
configure:11854: gcc -c -g -O2  -I/usr/local/include/ conftest.c >&5
configure:11854: $? = 0
configure:11890: result: linux
configure:11946: checking whether EAI_ADDRFAMILY exists
configure:11965: gcc -c -g -O2  -I/usr/local/include/ conftest.c >&5
configure:11965: $? = 0
configure:11973: result: yes
configure:11981: checking whether EAI_NODATA exists
configure:12000: gcc -c -g -O2  -I/usr/local/include/ conftest.c >&5
configure:12000: $? = 0
configure:12008: result: yes
configure:12016: checking whether EAI_NONAME exists
configure:12035: gcc -c -g -O2  -I/usr/local/include/ conftest.c >&5
configure:12035: $? = 0
configure:12043: result: yes
configure:12051: checking whether EAI_AGAIN exists
configure:12070: gcc -c -g -O2  -I/usr/local/include/ conftest.c >&5
configure:12070: $? = 0
configure:12078: result: yes
configure:12086: checking whether EAI_MEMORY exists
configure:12105: gcc -c -g -O2  -I/usr/local/include/ conftest.c >&5
configure:12105: $? = 0
configure:12113: result: yes
configure:12121: checking whether EAI_SYSTEM exists
configure:12140: gcc -c -g -O2  -I/usr/local/include/ conftest.c >&5
configure:12140: $? = 0
configure:12148: result: yes
configure:12156: checking whether EAI_FAIL exists
configure:12175: gcc -c -g -O2  -I/usr/local/include/ conftest.c >&5
configure:12175: $? = 0
configure:12183: result: yes
configure:12191: checking whether ENODATA exists
configure:12209: gcc -c -g -O2  -I/usr/local/include/ conftest.c >&5
configure:12209: $? = 0
configure:12217: result: yes
configure:12227: checking whether SO_BINDTODEVICE exists
configure:12245: gcc -c -g -O2  -I/usr/local/include/ conftest.c >&5
configure:12245: $? = 0
configure:12253: result: yes
configure:12261: checking whether SO_PRIORITY exists
configure:12279: gcc -c -g -O2  -I/usr/local/include/ conftest.c >&5
configure:12279: $? = 0
configure:12287: result: yes
configure:12298: checking whether Psocklen_t is defined correctly or not defined
configure:12324: gcc -c -g -O2  -I/usr/local/include/ conftest.c >&5
configure:12324: $? = 0
configure:12332: result: yes
configure:12520: creating ./config.status

## ---------------------- ##
## Running config.status. ##
## ---------------------- ##

This file was extended by ipv6_care config.status 3.2c, which was
generated by GNU Autoconf 2.68.  Invocation command line was

  CONFIG_FILES    = 
  CONFIG_HEADERS  = 
  CONFIG_LINKS    = 
  CONFIG_COMMANDS = 
  $ ./config.status 

on ph4.maleus

config.status:1133: creating Makefile
config.status:1133: creating src/common/Makefile
config.status:1133: creating src/checking/Makefile
config.status:1133: creating src/patching/Makefile
config.status:1133: creating src/vxonly/Makefile
config.status:1133: creating scripts/ipv6_care
config.status:1133: creating man/Makefile
config.status:1133: creating scripts/Makefile
config.status:1133: creating self_test/Makefile
config.status:1133: creating self_test/src/Makefile
config.status:1133: creating self_test/src/libs/Makefile
config.status:1133: creating self_test/src/binaries/Makefile
config.status:1133: creating config.h
config.status:1362: executing depfiles commands
config.status:1362: executing libtool commands

## ---------------- ##
## Cache variables. ##
## ---------------- ##

ac_cv_build=x86_64-unknown-linux-gnu
ac_cv_c_compiler_gnu=yes
ac_cv_env_CC_set=
ac_cv_env_CC_value=
ac_cv_env_CFLAGS_set=
ac_cv_env_CFLAGS_value=
ac_cv_env_CPPFLAGS_set=
ac_cv_env_CPPFLAGS_value=
ac_cv_env_CPP_set=
ac_cv_env_CPP_value=
ac_cv_env_LDFLAGS_set=
ac_cv_env_LDFLAGS_value=
ac_cv_env_LIBS_set=
ac_cv_env_LIBS_value=
ac_cv_env_build_alias_set=
ac_cv_env_build_alias_value=
ac_cv_env_host_alias_set=
ac_cv_env_host_alias_value=
ac_cv_env_target_alias_set=
ac_cv_env_target_alias_value=
ac_cv_func_dlvsym=yes
ac_cv_func_gethostbyname_r=yes
ac_cv_header_dlfcn_h=yes
ac_cv_header_execinfo_h=yes
ac_cv_header_inttypes_h=yes
ac_cv_header_memory_h=yes
ac_cv_header_stdc=yes
ac_cv_header_stdint_h=yes
ac_cv_header_stdlib_h=yes
ac_cv_header_string_h=yes
ac_cv_header_strings_h=yes
ac_cv_header_sys_stat_h=yes
ac_cv_header_sys_types_h=yes
ac_cv_header_unistd_h=yes
ac_cv_host=x86_64-unknown-linux-gnu
ac_cv_lib_c_gethostbyname_r=yes
ac_cv_lib_dl_dlopen=yes
ac_cv_lib_execinfo_backtrace_symbols=no
ac_cv_objext=o
ac_cv_path_EGREP='/bin/grep -E'
ac_cv_path_FGREP='/bin/grep -F'
ac_cv_path_GREP=/bin/grep
ac_cv_path_SED=/bin/sed
ac_cv_path_install='/usr/bin/install -c'
ac_cv_path_mkdir=/bin/mkdir
ac_cv_prog_ADDR2LINE=addr2line
ac_cv_prog_AWK=gawk
ac_cv_prog_CPP='gcc -E'
ac_cv_prog_ac_ct_AR=ar
ac_cv_prog_ac_ct_CC=gcc
ac_cv_prog_ac_ct_OBJDUMP=objdump
ac_cv_prog_ac_ct_RANLIB=ranlib
ac_cv_prog_ac_ct_STRIP=strip
ac_cv_prog_cc_c89=
ac_cv_prog_cc_g=yes
ac_cv_prog_make_make_set=yes
am_cv_CC_dependencies_compiler_type=gcc3
ax_cv_EAI_ADDRFAMILY=yes
ax_cv_EAI_AGAIN=yes
ax_cv_EAI_FAIL=yes
ax_cv_EAI_MEMORY=yes
ax_cv_EAI_NODATA=yes
ax_cv_EAI_NONAME=yes
ax_cv_EAI_SYSTEM=yes
ax_cv_ENODATA=yes
ax_cv_PSOCKLEN_T_OK=yes
ax_cv_SO_BINDTODEVICE=yes
ax_cv_SO_PRIORITY=yes
ax_cv_freebsd_getnameinfo=no
ax_cv_gethostbyXXXX_r_type=linux
ax_cv_linux_getnameinfo=no
ax_cv_sys_gettid_exists=yes
gl_cv_cc_visibility=yes
lt_cv_ar_at_file=@
lt_cv_archive_cmds_need_lc=no
lt_cv_deplibs_check_method=pass_all
lt_cv_file_magic_cmd='$MAGIC_CMD'
lt_cv_file_magic_test_file=
lt_cv_ld_reload_flag=-r
lt_cv_nm_interface='BSD nm'
lt_cv_objdir=.libs
lt_cv_path_LD=/usr/bin/ld
lt_cv_path_NM='/usr/bin/nm -B'
lt_cv_path_mainfest_tool=no
lt_cv_prog_compiler_c_o=yes
lt_cv_prog_compiler_pic='-fPIC -DPIC'
lt_cv_prog_compiler_pic_works=yes
lt_cv_prog_compiler_rtti_exceptions=no
lt_cv_prog_compiler_static_works=no
lt_cv_prog_gnu_ld=yes
lt_cv_sharedlib_from_linklib_cmd='printf %s\n'
lt_cv_shlibpath_overrides_runpath=no
lt_cv_sys_global_symbol_pipe='sed -n -e '\''s/^.*[	 ]\([ABCDGIRSTW][ABCDGIRSTW]*\)[	 ][	 ]*\([_A-Za-z][_A-Za-z0-9]*\)$/\1 \2 \2/p'\'' | sed '\''/ __gnu_lto/d'\'''
lt_cv_sys_global_symbol_to_c_name_address='sed -n -e '\''s/^: \([^ ]*\)[ ]*$/  {\"\1\", (void *) 0},/p'\'' -e '\''s/^[ABCDGIRSTW]* \([^ ]*\) \([^ ]*\)$/  {"\2", (void *) \&\2},/p'\'''
lt_cv_sys_global_symbol_to_c_name_address_lib_prefix='sed -n -e '\''s/^: \([^ ]*\)[ ]*$/  {\"\1\", (void *) 0},/p'\'' -e '\''s/^[ABCDGIRSTW]* \([^ ]*\) \(lib[^ ]*\)$/  {"\2", (void *) \&\2},/p'\'' -e '\''s/^[ABCDGIRSTW]* \([^ ]*\) \([^ ]*\)$/  {"lib\2", (void *) \&\2},/p'\'''
lt_cv_sys_global_symbol_to_cdecl='sed -n -e '\''s/^T .* \(.*\)$/extern int \1();/p'\'' -e '\''s/^[ABCDGIRSTW]* .* \(.*\)$/extern char \1;/p'\'''
lt_cv_sys_max_cmd_len=1572864
lt_cv_to_host_file_cmd=func_convert_file_noop
lt_cv_to_tool_file_cmd=func_convert_file_noop

## ----------------- ##
## Output variables. ##
## ----------------- ##

ACLOCAL='${SHELL} /home/ph4r05/workspace/ipv6-careCOMP/build-aux/missing --run aclocal-1.11'
ADDR2LINE='addr2line'
AMDEPBACKSLASH='\'
AMDEP_FALSE='#'
AMDEP_TRUE=''
AMTAR='${SHELL} /home/ph4r05/workspace/ipv6-careCOMP/build-aux/missing --run tar'
AM_BACKSLASH='\'
AM_DEFAULT_VERBOSITY='0'
AR='ar'
AUTOCONF='${SHELL} /home/ph4r05/workspace/ipv6-careCOMP/build-aux/missing --run autoconf'
AUTOHEADER='${SHELL} /home/ph4r05/workspace/ipv6-careCOMP/build-aux/missing --run autoheader'
AUTOMAKE='${SHELL} /home/ph4r05/workspace/ipv6-careCOMP/build-aux/missing --run automake-1.11'
AWK='gawk'
BASHCOMP_DIR='${prefix}/etc/bash_completion.d'
CC='gcc'
CCDEPMODE='depmode=gcc3'
CFLAGS='-g -O2'
CFLAG_VISIBILITY='-fvisibility=hidden'
CPP='gcc -E'
CPPFLAGS=' -I/usr/local/include/'
CPPFLAGS_SOCKLEN_T=''
CYGPATH_W='echo'
DEFS='-DHAVE_CONFIG_H'
DEPDIR='.deps'
DLLTOOL='false'
DSYMUTIL=''
DUMPBIN=''
ECHO_C=''
ECHO_N='-n'
ECHO_T=''
EGREP='/bin/grep -E'
ENABLE_BASHCOMP_FALSE=''
ENABLE_BASHCOMP_TRUE='#'
EXEEXT=''
FGREP='/bin/grep -F'
GREP='/bin/grep'
HAVE_VISIBILITY='1'
INSTALL_DATA='${INSTALL} -m 644'
INSTALL_PROGRAM='${INSTALL}'
INSTALL_SCRIPT='${INSTALL}'
INSTALL_STRIP_PROGRAM='$(install_sh) -c -s'
IPV4_POOL_END='10.133.255.255'
IPV4_POOL_START='10.133.0.0'
LD='/usr/bin/ld -m elf_x86_64'
LDFLAGS=' -L/usr/local/lib/'
LIBOBJS=''
LIBS='-lc -ldl '
LIBTOOL='$(SHELL) $(top_builddir)/libtool'
LIPO=''
LN_S='ln -s'
LTLIBOBJS=''
MAKEINFO='${SHELL} /home/ph4r05/workspace/ipv6-careCOMP/build-aux/missing --run makeinfo'
MANIFEST_TOOL=':'
MKDIR_P='/bin/mkdir -p'
NM='/usr/bin/nm -B'
NMEDIT=''
OBJDUMP='objdump'
OBJEXT='o'
OTOOL64=''
OTOOL=''
PACKAGE='ipv6_care'
PACKAGE_BUGREPORT='etienne.duble@imag.fr'
PACKAGE_NAME='ipv6_care'
PACKAGE_STRING='ipv6_care 3.2c'
PACKAGE_TARNAME='ipv6_care'
PACKAGE_URL=''
PACKAGE_VERSION='3.2c'
PATH_SEPARATOR=':'
RANLIB='ranlib'
SED='/bin/sed'
SET_MAKE=''
SHELL='/bin/sh'
STRIP='strip'
VERSION='3.2c'
ac_ct_AR='ar'
ac_ct_CC='gcc'
ac_ct_DUMPBIN=''
am__EXEEXT_FALSE=''
am__EXEEXT_TRUE='#'
am__fastdepCC_FALSE='#'
am__fastdepCC_TRUE=''
am__include='include'
am__isrc=''
am__leading_dot='.'
am__quote=''
am__tar='${AMTAR} chof - "$$tardir"'
am__untar='${AMTAR} xf -'
bindir='${exec_prefix}/bin'
build='x86_64-unknown-linux-gnu'
build_alias=''
build_cpu='x86_64'
build_os='linux-gnu'
build_vendor='unknown'
datadir='${datarootdir}'
datarootdir='${prefix}/share'
docdir='${datarootdir}/doc/${PACKAGE_TARNAME}'
dvidir='${docdir}'
exec_prefix='${prefix}'
host='x86_64-unknown-linux-gnu'
host_alias=''
host_cpu='x86_64'
host_os='linux-gnu'
host_vendor='unknown'
htmldir='${docdir}'
includedir='${prefix}/include'
infodir='${datarootdir}/info'
install_sh='${SHELL} /home/ph4r05/workspace/ipv6-careCOMP/build-aux/install-sh'
libdir='${exec_prefix}/lib'
libexecdir='${exec_prefix}/libexec'
localedir='${datarootdir}/locale'
localstatedir='${prefix}/var'
mandir='${datarootdir}/man'
mkdir_p='/bin/mkdir -p'
oldincludedir='/usr/include'
pdfdir='${docdir}'
prefix='/usr/local'
program_transform_name='s,x,x,'
psdir='${docdir}'
sbindir='${exec_prefix}/sbin'
sharedstatedir='${prefix}/com'
sysconfdir='${prefix}/etc'
target_alias=''

## ----------- ##
## confdefs.h. ##
## ----------- ##

/* confdefs.h */
#define PACKAGE_NAME "ipv6_care"
#define PACKAGE_TARNAME "ipv6_care"
#define PACKAGE_VERSION "3.2c"
#define PACKAGE_STRING "ipv6_care 3.2c"
#define PACKAGE_BUGREPORT "etienne.duble@imag.fr"
#define PACKAGE_URL ""
#define PACKAGE "ipv6_care"
#define VERSION "3.2c"
#define STDC_HEADERS 1
#define HAVE_SYS_TYPES_H 1
#define HAVE_SYS_STAT_H 1
#define HAVE_STDLIB_H 1
#define HAVE_STRING_H 1
#define HAVE_MEMORY_H 1
#define HAVE_STRINGS_H 1
#define HAVE_INTTYPES_H 1
#define HAVE_STDINT_H 1
#define HAVE_UNISTD_H 1
#define HAVE_DLFCN_H 1
#define LT_OBJDIR ".libs/"
#define HAVE_VISIBILITY 1
#define HAVE_LIBDL 1
#define HAVE_EXECINFO_H 1
#define HAVE_DLVSYM 1
#define HAVE_SYS_GETTID 1
#define HAVE_LIBC 1
#define HAVE_GETHBX_R_DOUBLE_POINTER_PARAM 1
#define GETHOSTBYNAME_R_ARGS name, ret, buf, buflen, result, h_errnop
#define GETHOSTBYNAME_R_ARGS_WITH_TYPES const char *name, struct hostent *ret, char *buf, size_t buflen, struct hostent **result, int *h_errnop
#define GETHOSTBYADDR_R_ARGS addr, len, type, ret, buf, buflen, result, h_errnop
#define GETHOSTBYADDR_R_ARGS_WITH_TYPES const void *addr, socklen_t len, int type, struct hostent *ret, char *buf, size_t buflen, struct hostent **result, int *h_errnop
#define GETHOSTBYXXXX_R_RETURN_TYPE int
#define GETHOSTBYXXXX_R_RETURN_VALUE_IF_NOT_FOUND -1
#define HAVE_EAI_ADDRFAMILY 1
#define HAVE_EAI_NODATA 1
#define HAVE_EAI_NONAME 1
#define HAVE_EAI_AGAIN 1
#define HAVE_EAI_MEMORY 1
#define HAVE_EAI_SYSTEM 1
#define HAVE_EAI_FAIL 1
#define HAVE_ENODATA 1
#define HAVE_SO_BINDTODEVICE 1
#define HAVE_SO_PRIORITY 1

configure: exit 0
